[2025-05-03T10:38:06.688+0000] {local_task_job_runner.py:120} INFO - ::group::Pre task execution logs
[2025-05-03T10:38:06.799+0000] {taskinstance.py:2073} INFO - Dependencies all met for dep_context=non-requeueable deps ti=<TaskInstance: diabetes_undersampling_simple.load_data manual__2025-05-03T10:35:39.220905+00:00 [queued]>
[2025-05-03T10:38:06.838+0000] {taskinstance.py:2073} INFO - Dependencies all met for dep_context=requeueable deps ti=<TaskInstance: diabetes_undersampling_simple.load_data manual__2025-05-03T10:35:39.220905+00:00 [queued]>
[2025-05-03T10:38:06.839+0000] {taskinstance.py:2303} INFO - Starting attempt 2 of 2
[2025-05-03T10:38:06.891+0000] {taskinstance.py:2327} INFO - Executing <Task(PythonOperator): load_data> on 2025-05-03 10:35:39.220905+00:00
[2025-05-03T10:38:06.932+0000] {standard_task_runner.py:63} INFO - Started process 2158 to run task
[2025-05-03T10:38:06.948+0000] {standard_task_runner.py:90} INFO - Running: ['***', 'tasks', 'run', 'diabetes_undersampling_simple', 'load_data', 'manual__2025-05-03T10:35:39.220905+00:00', '--job-id', '320', '--raw', '--subdir', 'DAGS_FOLDER/model.py', '--cfg-path', '/tmp/tmp2sfj68rg']
[2025-05-03T10:38:06.958+0000] {standard_task_runner.py:91} INFO - Job 320: Subtask load_data
[2025-05-03T10:38:07.159+0000] {task_command.py:426} INFO - Running <TaskInstance: diabetes_undersampling_simple.load_data manual__2025-05-03T10:35:39.220905+00:00 [running]> on host 31e5ce530290
[2025-05-03T10:38:07.495+0000] {taskinstance.py:2644} INFO - Exporting env vars: AIRFLOW_CTX_DAG_OWNER='***' AIRFLOW_CTX_DAG_ID='diabetes_undersampling_simple' AIRFLOW_CTX_TASK_ID='load_data' AIRFLOW_CTX_EXECUTION_DATE='2025-05-03T10:35:39.220905+00:00' AIRFLOW_CTX_TRY_NUMBER='2' AIRFLOW_CTX_DAG_RUN_ID='manual__2025-05-03T10:35:39.220905+00:00'
[2025-05-03T10:38:07.497+0000] {taskinstance.py:430} INFO - ::endgroup::
[2025-05-03T10:38:07.553+0000] {crypto.py:82} WARNING - empty cryptography key - values will not be stored encrypted.
[2025-05-03T10:38:07.557+0000] {base.py:84} INFO - Using connection ID 'mysql_diabetes_conn' for task execution.
[2025-05-03T10:38:07.586+0000] {warnings.py:109} WARNING - /home/***/.local/lib/python3.8/site-packages/***/providers/common/sql/hooks/sql.py:227: UserWarning: pandas only supports SQLAlchemy connectable (engine/connection) or database string URI or sqlite3 DBAPI2 connection. Other DBAPI2 objects are not tested. Please consider using SQLAlchemy.
  return psql.read_sql(sql, con=conn, params=parameters, **kwargs)

[2025-05-03T10:38:14.439+0000] {taskinstance.py:441} INFO - ::group::Post task execution logs
[2025-05-03T10:38:14.440+0000] {taskinstance.py:2890} ERROR - Task failed with exception
Traceback (most recent call last):
  File "/home/airflow/.local/lib/python3.8/site-packages/airflow/models/taskinstance.py", line 465, in _execute_task
    result = _execute_callable(context=context, **execute_callable_kwargs)
  File "/home/airflow/.local/lib/python3.8/site-packages/airflow/models/taskinstance.py", line 432, in _execute_callable
    return execute_callable(context=context, **execute_callable_kwargs)
  File "/home/airflow/.local/lib/python3.8/site-packages/airflow/models/baseoperator.py", line 400, in wrapper
    return func(self, *args, **kwargs)
  File "/home/airflow/.local/lib/python3.8/site-packages/airflow/operators/python.py", line 235, in execute
    return_value = self.execute_callable()
  File "/home/airflow/.local/lib/python3.8/site-packages/airflow/operators/python.py", line 252, in execute_callable
    return self.python_callable(*self.op_args, **self.op_kwargs)
  File "/opt/airflow/dags/model.py", line 42, in load_data_from_sql
    df[col] = df[col].astype(float)
  File "/home/airflow/.local/lib/python3.8/site-packages/pandas/core/generic.py", line 6324, in astype
    new_data = self._mgr.astype(dtype=dtype, copy=copy, errors=errors)
  File "/home/airflow/.local/lib/python3.8/site-packages/pandas/core/internals/managers.py", line 451, in astype
    return self.apply(
  File "/home/airflow/.local/lib/python3.8/site-packages/pandas/core/internals/managers.py", line 352, in apply
    applied = getattr(b, f)(**kwargs)
  File "/home/airflow/.local/lib/python3.8/site-packages/pandas/core/internals/blocks.py", line 511, in astype
    new_values = astype_array_safe(values, dtype, copy=copy, errors=errors)
  File "/home/airflow/.local/lib/python3.8/site-packages/pandas/core/dtypes/astype.py", line 242, in astype_array_safe
    new_values = astype_array(values, dtype, copy=copy)
  File "/home/airflow/.local/lib/python3.8/site-packages/pandas/core/dtypes/astype.py", line 187, in astype_array
    values = _astype_nansafe(values, dtype, copy=copy)
  File "/home/airflow/.local/lib/python3.8/site-packages/pandas/core/dtypes/astype.py", line 138, in _astype_nansafe
    return arr.astype(dtype, copy=True)
ValueError: could not convert string to float: 'feature_0'
[2025-05-03T10:38:14.535+0000] {taskinstance.py:1205} INFO - Marking task as FAILED. dag_id=diabetes_undersampling_simple, task_id=load_data, execution_date=20250503T103539, start_date=20250503T103806, end_date=20250503T103814
[2025-05-03T10:38:14.578+0000] {standard_task_runner.py:110} ERROR - Failed to execute job 320 for task load_data (could not convert string to float: 'feature_0'; 2158)
[2025-05-03T10:38:14.777+0000] {local_task_job_runner.py:240} INFO - Task exited with return code 1
[2025-05-03T10:38:14.836+0000] {taskinstance.py:3482} INFO - 0 downstream tasks scheduled from follow-on schedule check
[2025-05-03T10:38:14.852+0000] {local_task_job_runner.py:222} INFO - ::endgroup::
